<?xml version="1.0" encoding="UTF-8"?>
<!-- Generated by org.testng.reporters.JUnitReportReporter -->
<testsuite skipped="0" hostname="50HERTZ-5050" name="com.qa.getco.testcases.LoginPageTestcase" tests="2" failures="0" timestamp="10 Jul 2019 03:43:43 GMT" time="4.985" errors="0">
  <testcase name="verifyTitle" time="0.011" classname="com.qa.getco.testcases.LoginPageTestcase"/>
  <testcase name="applicationStarts" time="4.974" classname="com.qa.getco.testcases.LoginPageTestcase"/>
</testsuite> <!-- com.qa.getco.testcases.LoginPageTestcase -->
