<?xml version="1.0" encoding="UTF-8"?>
<!-- Generated by org.testng.reporters.JUnitReportReporter -->
<testsuite skipped="0" hostname="50HERTZ-5050" name="com.qa.getco.testcases.ForecastedScheduleTestcase" tests="1" failures="0" timestamp="08 Jul 2019 07:26:48 GMT" time="4.773" errors="0">
  <testcase name="TestForecastedSchedule" time="4.773" classname="com.qa.getco.testcases.ForecastedScheduleTestcase"/>
</testsuite> <!-- com.qa.getco.testcases.ForecastedScheduleTestcase -->
