<?xml version="1.0" encoding="UTF-8"?>
<!-- Generated by org.testng.reporters.JUnitReportReporter -->
<testsuite skipped="1" hostname="50HERTZ-5050" name="com.qa.getco.testcases.HomePageTestcases" tests="2" failures="0" timestamp="10 Jul 2019 03:43:43 GMT" time="5.383" errors="0">
  <testcase name="TestForecastedSchedule" time="5.383" classname="com.qa.getco.testcases.HomePageTestcases"/>
  <testcase name="TestErrorMatrices" classname="com.qa.getco.testcases.HomePageTestcases">
    <skipped/>
  </testcase> <!-- TestErrorMatrices -->
</testsuite> <!-- com.qa.getco.testcases.HomePageTestcases -->
