<?xml version="1.0" encoding="UTF-8"?>
<!-- Generated by org.testng.reporters.JUnitReportReporter -->
<testsuite skipped="0" hostname="50HERTZ-5050" name="com.qa.getco.testcases.HomePageTestcases" tests="1" failures="0" timestamp="21 Jun 2019 05:07:17 GMT" time="6.611" errors="0">
  <testcase name="TestErrorMatrices" time="6.611" classname="com.qa.getco.testcases.HomePageTestcases"/>
</testsuite> <!-- com.qa.getco.testcases.HomePageTestcases -->
