<?xml version="1.0" encoding="UTF-8"?>
<!-- Generated by org.testng.reporters.JUnitReportReporter -->
<testsuite skipped="0" hostname="50HERTZ-5050" name="com.qa.getco.testcases.ErrormatricsTestcases" tests="2" failures="0" timestamp="20 Jun 2019 09:10:05 GMT" time="47.315" errors="0">
  <testcase name="verifyingPage" time="0.060" classname="com.qa.getco.testcases.ErrormatricsTestcases"/>
  <testcase name="errorMatricsopen" time="47.255" classname="com.qa.getco.testcases.ErrormatricsTestcases"/>
</testsuite> <!-- com.qa.getco.testcases.ErrormatricsTestcases -->
