<?xml version="1.0" encoding="UTF-8"?>
<!-- Generated by org.testng.reporters.JUnitReportReporter -->
<testsuite skipped="0" hostname="50HERTZ-5050" name="com.qa.getco.testcases.POSTAPITest" tests="1" failures="0" timestamp="08 Jul 2019 05:57:39 GMT" time="1.009" errors="0">
  <testcase name="postApiTest" time="1.009" classname="com.qa.getco.testcases.POSTAPITest"/>
</testsuite> <!-- com.qa.getco.testcases.POSTAPITest -->
